
*** Running vivado
    with args -log behav_counter.vdi -applog -m64 -product Vivado -messageDb vivado.pb -mode batch -source behav_counter.tcl -notrace



****** Vivado v2021.2 (64-bit)
  **** SW Build 3367213 on Tue Oct 19 02:48:09 MDT 2021
  **** IP Build 3369179 on Thu Oct 21 08:25:16 MDT 2021
    ** Copyright 1986-2021 Xilinx, Inc. All Rights Reserved.

source behav_counter.tcl -notrace
Command: link_design -top behav_counter -part xc7a35tcpg236-1
Design is defaulting to srcset: sources_1
Design is defaulting to constrset: constrs_1
INFO: [Device 21-403] Loading part xc7a35tcpg236-1
Netlist sorting complete. Time (s): cpu = 00:00:00 ; elapsed = 00:00:00 . Memory (MB): peak = 1261.125 ; gain = 0.000
INFO: [Netlist 29-17] Analyzing 2 Unisim elements for replacement
INFO: [Netlist 29-28] Unisim Transformation completed in 0 CPU seconds
INFO: [Project 1-479] Netlist was created with Vivado 2021.2
INFO: [Project 1-570] Preparing netlist for logic optimization
Parsing XDC File [C:/Users/Steven/Desktop/EECS 112L/L5/L5.srcs/constrs_1/new/constraints.xdc]
Finished Parsing XDC File [C:/Users/Steven/Desktop/EECS 112L/L5/L5.srcs/constrs_1/new/constraints.xdc]
INFO: [Opt 31-138] Pushed 0 inverter(s) to 0 load pin(s).
Netlist sorting complete. Time (s): cpu = 00:00:00 ; elapsed = 00:00:00 . Memory (MB): peak = 1261.125 ; gain = 0.000
INFO: [Project 1-111] Unisim Transformation Summary:
No Unisim elements were transformed.

7 Infos, 0 Warnings, 0 Critical Warnings and 0 Errors encountered.
link_design completed successfully
Command: opt_design
Attempting to get a license for feature 'Implementation' and/or device 'xc7a35t'
INFO: [Common 17-349] Got license for feature 'Implementation' and/or device 'xc7a35t'
Running DRC as a precondition to command opt_design

Starting DRC Task
INFO: [DRC 23-27] Running DRC with 2 threads
INFO: [Project 1-461] DRC finished with 0 Errors
INFO: [Project 1-462] Please refer to the DRC report (report_drc) for more information.

Time (s): cpu = 00:00:01 ; elapsed = 00:00:00.891 . Memory (MB): peak = 1261.125 ; gain = 0.000

Starting Cache Timing Information Task
INFO: [Timing 38-35] Done setting XDC timing constraints.
Ending Cache Timing Information Task | Checksum: 1a91af68f

Time (s): cpu = 00:00:06 ; elapsed = 00:00:07 . Memory (MB): peak = 1376.902 ; gain = 115.777

Starting Logic Optimization Task

Phase 1 Retarget
INFO: [Opt 31-138] Pushed 0 inverter(s) to 0 load pin(s).
INFO: [Opt 31-49] Retargeted 0 cell(s).
Phase 1 Retarget | Checksum: 1a91af68f

Time (s): cpu = 00:00:00 ; elapsed = 00:00:00.008 . Memory (MB): peak = 1673.090 ; gain = 0.000
INFO: [Opt 31-389] Phase Retarget created 0 cells and removed 0 cells

Phase 2 Constant propagation
INFO: [Opt 31-138] Pushed 0 inverter(s) to 0 load pin(s).
Phase 2 Constant propagation | Checksum: 1a91af68f

Time (s): cpu = 00:00:00 ; elapsed = 00:00:00.009 . Memory (MB): peak = 1673.090 ; gain = 0.000
INFO: [Opt 31-389] Phase Constant propagation created 0 cells and removed 0 cells

Phase 3 Sweep
Phase 3 Sweep | Checksum: 14577f519

Time (s): cpu = 00:00:00 ; elapsed = 00:00:00.011 . Memory (MB): peak = 1673.090 ; gain = 0.000
INFO: [Opt 31-389] Phase Sweep created 0 cells and removed 0 cells

Phase 4 BUFG optimization
Phase 4 BUFG optimization | Checksum: 14577f519

Time (s): cpu = 00:00:00 ; elapsed = 00:00:00.014 . Memory (MB): peak = 1673.090 ; gain = 0.000
INFO: [Opt 31-662] Phase BUFG optimization created 0 cells of which 0 are BUFGs and removed 0 cells.

Phase 5 Shift Register Optimization
INFO: [Opt 31-1064] SRL Remap converted 0 SRLs to 0 registers and converted 0 registers of register chains to 0 SRLs
Phase 5 Shift Register Optimization | Checksum: 14577f519

Time (s): cpu = 00:00:00 ; elapsed = 00:00:00.015 . Memory (MB): peak = 1673.090 ; gain = 0.000
INFO: [Opt 31-389] Phase Shift Register Optimization created 0 cells and removed 0 cells

Phase 6 Post Processing Netlist
Phase 6 Post Processing Netlist | Checksum: 14577f519

Time (s): cpu = 00:00:00 ; elapsed = 00:00:00.015 . Memory (MB): peak = 1673.090 ; gain = 0.000
INFO: [Opt 31-389] Phase Post Processing Netlist created 0 cells and removed 0 cells
Opt_design Change Summary
=========================


-------------------------------------------------------------------------------------------------------------------------
|  Phase                        |  #Cells created  |  #Cells Removed  |  #Constrained objects preventing optimizations  |
-------------------------------------------------------------------------------------------------------------------------
|  Retarget                     |               0  |               0  |                                              0  |
|  Constant propagation         |               0  |               0  |                                              0  |
|  Sweep                        |               0  |               0  |                                              0  |
|  BUFG optimization            |               0  |               0  |                                              0  |
|  Shift Register Optimization  |               0  |               0  |                                              0  |
|  Post Processing Netlist      |               0  |               0  |                                              0  |
-------------------------------------------------------------------------------------------------------------------------



Starting Connectivity Check Task

Time (s): cpu = 00:00:00 ; elapsed = 00:00:00 . Memory (MB): peak = 1673.090 ; gain = 0.000
Ending Logic Optimization Task | Checksum: 59884e89

Time (s): cpu = 00:00:00 ; elapsed = 00:00:00.018 . Memory (MB): peak = 1673.090 ; gain = 0.000

Starting Power Optimization Task
INFO: [Pwropt 34-132] Skipping clock gating for clocks with a period < 2.00 ns.
Ending Power Optimization Task | Checksum: 59884e89

Time (s): cpu = 00:00:00 ; elapsed = 00:00:00.014 . Memory (MB): peak = 1673.090 ; gain = 0.000

Starting Final Cleanup Task
Ending Final Cleanup Task | Checksum: 59884e89

Time (s): cpu = 00:00:00 ; elapsed = 00:00:00 . Memory (MB): peak = 1673.090 ; gain = 0.000

Starting Netlist Obfuscation Task
Netlist sorting complete. Time (s): cpu = 00:00:00 ; elapsed = 00:00:00 . Memory (MB): peak = 1673.090 ; gain = 0.000
Ending Netlist Obfuscation Task | Checksum: 59884e89

Time (s): cpu = 00:00:00 ; elapsed = 00:00:00.001 . Memory (MB): peak = 1673.090 ; gain = 0.000
INFO: [Common 17-83] Releasing license: Implementation
24 Infos, 0 Warnings, 0 Critical Warnings and 0 Errors encountered.
opt_design completed successfully
opt_design: Time (s): cpu = 00:00:10 ; elapsed = 00:00:10 . Memory (MB): peak = 1673.090 ; gain = 411.965
INFO: [Common 17-1381] The checkpoint 'C:/Users/Steven/Desktop/EECS 112L/L5/L5.runs/impl_1/behav_counter_opt.dcp' has been generated.
INFO: [runtcl-4] Executing : report_drc -file behav_counter_drc_opted.rpt -pb behav_counter_drc_opted.pb -rpx behav_counter_drc_opted.rpx
Command: report_drc -file behav_counter_drc_opted.rpt -pb behav_counter_drc_opted.pb -rpx behav_counter_drc_opted.rpx
INFO: [IP_Flow 19-234] Refreshing IP repositories
INFO: [IP_Flow 19-1704] No user IP repositories specified
INFO: [IP_Flow 19-2313] Loaded Vivado IP repository 'C:/Xilinx/Vivado/2021.2/data/ip'.
INFO: [Timing 38-35] Done setting XDC timing constraints.
INFO: [DRC 23-27] Running DRC with 2 threads
INFO: [Vivado_Tcl 2-168] The results of DRC are in file C:/Users/Steven/Desktop/EECS 112L/L5/L5.runs/impl_1/behav_counter_drc_opted.rpt.
report_drc completed successfully
Command: place_design
Attempting to get a license for feature 'Implementation' and/or device 'xc7a35t'
INFO: [Common 17-349] Got license for feature 'Implementation' and/or device 'xc7a35t'
INFO: [DRC 23-27] Running DRC with 2 threads
INFO: [Vivado_Tcl 4-198] DRC finished with 0 Errors
INFO: [Vivado_Tcl 4-199] Please refer to the DRC report (report_drc) for more information.
Running DRC as a precondition to command place_design
INFO: [DRC 23-27] Running DRC with 2 threads
INFO: [Vivado_Tcl 4-198] DRC finished with 0 Errors
INFO: [Vivado_Tcl 4-199] Please refer to the DRC report (report_drc) for more information.

Starting Placer Task
INFO: [Place 30-611] Multithreading enabled for place_design using a maximum of 2 CPUs

Phase 1 Placer Initialization

Phase 1.1 Placer Initialization Netlist Sorting
Netlist sorting complete. Time (s): cpu = 00:00:00 ; elapsed = 00:00:00 . Memory (MB): peak = 1713.148 ; gain = 0.000
Phase 1.1 Placer Initialization Netlist Sorting | Checksum: 2cc8afcc

Time (s): cpu = 00:00:00 ; elapsed = 00:00:00.014 . Memory (MB): peak = 1713.148 ; gain = 0.000
Netlist sorting complete. Time (s): cpu = 00:00:00 ; elapsed = 00:00:00 . Memory (MB): peak = 1713.148 ; gain = 0.000

Phase 1.2 IO Placement/ Clock Placement/ Build Placer Device
Phase 1.2 IO Placement/ Clock Placement/ Build Placer Device | Checksum: c3342156

Time (s): cpu = 00:00:00 ; elapsed = 00:00:00.254 . Memory (MB): peak = 1713.148 ; gain = 0.000

Phase 1.3 Build Placer Netlist Model
Phase 1.3 Build Placer Netlist Model | Checksum: 15513efad

Time (s): cpu = 00:00:00 ; elapsed = 00:00:00.299 . Memory (MB): peak = 1713.148 ; gain = 0.000

Phase 1.4 Constrain Clocks/Macros
Phase 1.4 Constrain Clocks/Macros | Checksum: 15513efad

Time (s): cpu = 00:00:00 ; elapsed = 00:00:00.301 . Memory (MB): peak = 1713.148 ; gain = 0.000
Phase 1 Placer Initialization | Checksum: 15513efad

Time (s): cpu = 00:00:00 ; elapsed = 00:00:00.305 . Memory (MB): peak = 1713.148 ; gain = 0.000

Phase 2 Global Placement

Phase 2.1 Floorplanning
Phase 2.1 Floorplanning | Checksum: 15513efad

Time (s): cpu = 00:00:00 ; elapsed = 00:00:00.312 . Memory (MB): peak = 1713.148 ; gain = 0.000

Phase 2.2 Update Timing before SLR Path Opt
Phase 2.2 Update Timing before SLR Path Opt | Checksum: 15513efad

Time (s): cpu = 00:00:00 ; elapsed = 00:00:00.312 . Memory (MB): peak = 1713.148 ; gain = 0.000

Phase 2.3 Post-Processing in Floorplanning
Phase 2.3 Post-Processing in Floorplanning | Checksum: 15513efad

Time (s): cpu = 00:00:00 ; elapsed = 00:00:00.312 . Memory (MB): peak = 1713.148 ; gain = 0.000

Phase 2.4 Global Placement Core
WARNING: [Place 46-29] place_design is not in timing mode. Skip physical synthesis in placer
Phase 2.4 Global Placement Core | Checksum: 167c346d2

Time (s): cpu = 00:00:01 ; elapsed = 00:00:00.858 . Memory (MB): peak = 1713.148 ; gain = 0.000
Phase 2 Global Placement | Checksum: 167c346d2

Time (s): cpu = 00:00:01 ; elapsed = 00:00:00.860 . Memory (MB): peak = 1713.148 ; gain = 0.000

Phase 3 Detail Placement

Phase 3.1 Commit Multi Column Macros
Phase 3.1 Commit Multi Column Macros | Checksum: 167c346d2

Time (s): cpu = 00:00:01 ; elapsed = 00:00:00.862 . Memory (MB): peak = 1713.148 ; gain = 0.000

Phase 3.2 Commit Most Macros & LUTRAMs
Phase 3.2 Commit Most Macros & LUTRAMs | Checksum: 1eea2ef09

Time (s): cpu = 00:00:01 ; elapsed = 00:00:00.866 . Memory (MB): peak = 1713.148 ; gain = 0.000

Phase 3.3 Area Swap Optimization
Phase 3.3 Area Swap Optimization | Checksum: 23441421e

Time (s): cpu = 00:00:01 ; elapsed = 00:00:00.874 . Memory (MB): peak = 1713.148 ; gain = 0.000

Phase 3.4 Pipeline Register Optimization
Phase 3.4 Pipeline Register Optimization | Checksum: 23441421e

Time (s): cpu = 00:00:01 ; elapsed = 00:00:00.875 . Memory (MB): peak = 1713.148 ; gain = 0.000

Phase 3.5 Small Shape Detail Placement
Phase 3.5 Small Shape Detail Placement | Checksum: 1e4dc7f25

Time (s): cpu = 00:00:01 ; elapsed = 00:00:00.954 . Memory (MB): peak = 1713.148 ; gain = 0.000

Phase 3.6 Re-assign LUT pins
Phase 3.6 Re-assign LUT pins | Checksum: 1e4dc7f25

Time (s): cpu = 00:00:01 ; elapsed = 00:00:00.956 . Memory (MB): peak = 1713.148 ; gain = 0.000

Phase 3.7 Pipeline Register Optimization
Phase 3.7 Pipeline Register Optimization | Checksum: 1e4dc7f25

Time (s): cpu = 00:00:01 ; elapsed = 00:00:00.957 . Memory (MB): peak = 1713.148 ; gain = 0.000
Phase 3 Detail Placement | Checksum: 1e4dc7f25

Time (s): cpu = 00:00:01 ; elapsed = 00:00:00.957 . Memory (MB): peak = 1713.148 ; gain = 0.000

Phase 4 Post Placement Optimization and Clean-Up

Phase 4.1 Post Commit Optimization
Phase 4.1 Post Commit Optimization | Checksum: 1e4dc7f25

Time (s): cpu = 00:00:01 ; elapsed = 00:00:00.987 . Memory (MB): peak = 1713.148 ; gain = 0.000

Phase 4.2 Post Placement Cleanup
Phase 4.2 Post Placement Cleanup | Checksum: 1e4dc7f25

Time (s): cpu = 00:00:01 ; elapsed = 00:00:00.989 . Memory (MB): peak = 1713.148 ; gain = 0.000

Phase 4.3 Placer Reporting

Phase 4.3.1 Print Estimated Congestion
INFO: [Place 30-612] Post-Placement Estimated Congestion 
 ____________________________________________________
|           | Global Congestion | Short Congestion  |
| Direction | Region Size       | Region Size       |
|___________|___________________|___________________|
|      North|                1x1|                1x1|
|___________|___________________|___________________|
|      South|                1x1|                1x1|
|___________|___________________|___________________|
|       East|                1x1|                1x1|
|___________|___________________|___________________|
|       West|                1x1|                1x1|
|___________|___________________|___________________|

Phase 4.3.1 Print Estimated Congestion | Checksum: 1e4dc7f25

Time (s): cpu = 00:00:01 ; elapsed = 00:00:00.990 . Memory (MB): peak = 1713.148 ; gain = 0.000
Phase 4.3 Placer Reporting | Checksum: 1e4dc7f25

Time (s): cpu = 00:00:01 ; elapsed = 00:00:00.990 . Memory (MB): peak = 1713.148 ; gain = 0.000

Phase 4.4 Final Placement Cleanup
Netlist sorting complete. Time (s): cpu = 00:00:00 ; elapsed = 00:00:00.001 . Memory (MB): peak = 1713.148 ; gain = 0.000

Time (s): cpu = 00:00:01 ; elapsed = 00:00:00.991 . Memory (MB): peak = 1713.148 ; gain = 0.000
Phase 4 Post Placement Optimization and Clean-Up | Checksum: 216aac1ff

Time (s): cpu = 00:00:01 ; elapsed = 00:00:00.991 . Memory (MB): peak = 1713.148 ; gain = 0.000
Ending Placer Task | Checksum: 1ce4b1025

Time (s): cpu = 00:00:01 ; elapsed = 00:00:00.991 . Memory (MB): peak = 1713.148 ; gain = 0.000
INFO: [Common 17-83] Releasing license: Implementation
42 Infos, 1 Warnings, 0 Critical Warnings and 0 Errors encountered.
place_design completed successfully
Writing placer database...
Writing XDEF routing.
Writing XDEF routing logical nets.
Writing XDEF routing special nets.
Write XDEF Complete: Time (s): cpu = 00:00:00 ; elapsed = 00:00:00.031 . Memory (MB): peak = 1713.148 ; gain = 0.000
INFO: [Common 17-1381] The checkpoint 'C:/Users/Steven/Desktop/EECS 112L/L5/L5.runs/impl_1/behav_counter_placed.dcp' has been generated.
INFO: [runtcl-4] Executing : report_io -file behav_counter_io_placed.rpt
report_io: Time (s): cpu = 00:00:00 ; elapsed = 00:00:00.036 . Memory (MB): peak = 1713.148 ; gain = 0.000
INFO: [runtcl-4] Executing : report_utilization -file behav_counter_utilization_placed.rpt -pb behav_counter_utilization_placed.pb
INFO: [runtcl-4] Executing : report_control_sets -verbose -file behav_counter_control_sets_placed.rpt
report_control_sets: Time (s): cpu = 00:00:00 ; elapsed = 00:00:00.001 . Memory (MB): peak = 1713.148 ; gain = 0.000
Command: phys_opt_design
Attempting to get a license for feature 'Implementation' and/or device 'xc7a35t'
INFO: [Common 17-349] Got license for feature 'Implementation' and/or device 'xc7a35t'
INFO: [Vivado_Tcl 4-235] No timing constraint found. The netlist was not modified.
INFO: [Common 17-83] Releasing license: Implementation
49 Infos, 1 Warnings, 0 Critical Warnings and 0 Errors encountered.
phys_opt_design completed successfully
Writing placer database...
Writing XDEF routing.
Writing XDEF routing logical nets.
Writing XDEF routing special nets.
Write XDEF Complete: Time (s): cpu = 00:00:00 ; elapsed = 00:00:00.030 . Memory (MB): peak = 1713.148 ; gain = 0.000
INFO: [Common 17-1381] The checkpoint 'C:/Users/Steven/Desktop/EECS 112L/L5/L5.runs/impl_1/behav_counter_physopt.dcp' has been generated.
Command: route_design
Attempting to get a license for feature 'Implementation' and/or device 'xc7a35t'
INFO: [Common 17-349] Got license for feature 'Implementation' and/or device 'xc7a35t'
Running DRC as a precondition to command route_design
INFO: [DRC 23-27] Running DRC with 2 threads
INFO: [Vivado_Tcl 4-198] DRC finished with 0 Errors
INFO: [Vivado_Tcl 4-199] Please refer to the DRC report (report_drc) for more information.


Starting Routing Task
INFO: [Route 35-254] Multithreading enabled for route_design using a maximum of 2 CPUs

Phase 1 Build RT Design
Checksum: PlaceDB: eaef43b0 ConstDB: 0 ShapeSum: e35bcc75 RouteDB: 0
Post Restoration Checksum: NetGraph: 2a95113f NumContArr: f4981ab8 Constraints: 0 Timing: 0
Phase 1 Build RT Design | Checksum: 11f2d2bf7

Time (s): cpu = 00:00:16 ; elapsed = 00:00:15 . Memory (MB): peak = 1787.648 ; gain = 67.867

Phase 2 Router Initialization
INFO: [Route 35-64] No timing constraints were detected. The router will operate in resource-optimization mode.

Phase 2.1 Fix Topology Constraints
Phase 2.1 Fix Topology Constraints | Checksum: 11f2d2bf7

Time (s): cpu = 00:00:16 ; elapsed = 00:00:15 . Memory (MB): peak = 1793.703 ; gain = 73.922

Phase 2.2 Pre Route Cleanup
Phase 2.2 Pre Route Cleanup | Checksum: 11f2d2bf7

Time (s): cpu = 00:00:16 ; elapsed = 00:00:15 . Memory (MB): peak = 1793.703 ; gain = 73.922
 Number of Nodes with overlaps = 0

Router Utilization Summary
  Global Vertical Routing Utilization    = 0 %
  Global Horizontal Routing Utilization  = 0 %
  Routable Net Status*
  *Does not include unroutable nets such as driverless and loadless.
  Run report_route_status for detailed report.
  Number of Failed Nets               = 28
    (Failed Nets is the sum of unrouted and partially routed nets)
  Number of Unrouted Nets             = 28
  Number of Partially Routed Nets     = 0
  Number of Node Overlaps             = 0

Phase 2 Router Initialization | Checksum: c0ab23b8

Time (s): cpu = 00:00:17 ; elapsed = 00:00:15 . Memory (MB): peak = 1799.094 ; gain = 79.312

Phase 3 Initial Routing

Phase 3.1 Global Routing
Phase 3.1 Global Routing | Checksum: c0ab23b8

Time (s): cpu = 00:00:17 ; elapsed = 00:00:15 . Memory (MB): peak = 1799.094 ; gain = 79.312
Phase 3 Initial Routing | Checksum: b4dbc6da

Time (s): cpu = 00:00:17 ; elapsed = 00:00:15 . Memory (MB): peak = 1799.094 ; gain = 79.312

Phase 4 Rip-up And Reroute

Phase 4.1 Global Iteration 0
 Number of Nodes with overlaps = 0
Phase 4.1 Global Iteration 0 | Checksum: 117cbc23c

Time (s): cpu = 00:00:17 ; elapsed = 00:00:15 . Memory (MB): peak = 1799.094 ; gain = 79.312
Phase 4 Rip-up And Reroute | Checksum: 117cbc23c

Time (s): cpu = 00:00:17 ; elapsed = 00:00:15 . Memory (MB): peak = 1799.094 ; gain = 79.312

Phase 5 Delay and Skew Optimization
Phase 5 Delay and Skew Optimization | Checksum: 117cbc23c

Time (s): cpu = 00:00:17 ; elapsed = 00:00:15 . Memory (MB): peak = 1799.094 ; gain = 79.312

Phase 6 Post Hold Fix

Phase 6.1 Hold Fix Iter
Phase 6.1 Hold Fix Iter | Checksum: 117cbc23c

Time (s): cpu = 00:00:17 ; elapsed = 00:00:15 . Memory (MB): peak = 1799.094 ; gain = 79.312
Phase 6 Post Hold Fix | Checksum: 117cbc23c

Time (s): cpu = 00:00:17 ; elapsed = 00:00:15 . Memory (MB): peak = 1799.094 ; gain = 79.312

Phase 7 Route finalize

Router Utilization Summary
  Global Vertical Routing Utilization    = 0.00924819 %
  Global Horizontal Routing Utilization  = 0.00793857 %
  Routable Net Status*
  *Does not include unroutable nets such as driverless and loadless.
  Run report_route_status for detailed report.
  Number of Failed Nets               = 0
    (Failed Nets is the sum of unrouted and partially routed nets)
  Number of Unrouted Nets             = 0
  Number of Partially Routed Nets     = 0
  Number of Node Overlaps             = 0

Congestion Report
North Dir 1x1 Area, Max Cong = 4.5045%, No Congested Regions.
South Dir 1x1 Area, Max Cong = 17.1171%, No Congested Regions.
East Dir 1x1 Area, Max Cong = 7.35294%, No Congested Regions.
West Dir 1x1 Area, Max Cong = 20.5882%, No Congested Regions.

------------------------------
Reporting congestion hotspots
------------------------------
Direction: North
----------------
Congested clusters found at Level 0
Effective congestion level: 0 Aspect Ratio: 1 Sparse Ratio: 0
Direction: South
----------------
Congested clusters found at Level 0
Effective congestion level: 0 Aspect Ratio: 1 Sparse Ratio: 0
Direction: East
----------------
Congested clusters found at Level 0
Effective congestion level: 0 Aspect Ratio: 1 Sparse Ratio: 0
Direction: West
----------------
Congested clusters found at Level 0
Effective congestion level: 0 Aspect Ratio: 1 Sparse Ratio: 0

Phase 7 Route finalize | Checksum: 117cbc23c

Time (s): cpu = 00:00:17 ; elapsed = 00:00:15 . Memory (MB): peak = 1799.094 ; gain = 79.312

Phase 8 Verifying routed nets

 Verification completed successfully
Phase 8 Verifying routed nets | Checksum: 117cbc23c

Time (s): cpu = 00:00:17 ; elapsed = 00:00:15 . Memory (MB): peak = 1799.824 ; gain = 80.043

Phase 9 Depositing Routes
Phase 9 Depositing Routes | Checksum: 16b6e7411

Time (s): cpu = 00:00:17 ; elapsed = 00:00:15 . Memory (MB): peak = 1799.824 ; gain = 80.043
INFO: [Route 35-16] Router Completed Successfully

Time (s): cpu = 00:00:17 ; elapsed = 00:00:15 . Memory (MB): peak = 1799.824 ; gain = 80.043

Routing Is Done.
INFO: [Common 17-83] Releasing license: Implementation
58 Infos, 1 Warnings, 0 Critical Warnings and 0 Errors encountered.
route_design completed successfully
route_design: Time (s): cpu = 00:00:18 ; elapsed = 00:00:16 . Memory (MB): peak = 1799.824 ; gain = 86.676
Writing placer database...
Writing XDEF routing.
Writing XDEF routing logical nets.
Writing XDEF routing special nets.
Write XDEF Complete: Time (s): cpu = 00:00:00 ; elapsed = 00:00:00.030 . Memory (MB): peak = 1809.633 ; gain = 9.809
INFO: [Common 17-1381] The checkpoint 'C:/Users/Steven/Desktop/EECS 112L/L5/L5.runs/impl_1/behav_counter_routed.dcp' has been generated.
INFO: [runtcl-4] Executing : report_drc -file behav_counter_drc_routed.rpt -pb behav_counter_drc_routed.pb -rpx behav_counter_drc_routed.rpx
Command: report_drc -file behav_counter_drc_routed.rpt -pb behav_counter_drc_routed.pb -rpx behav_counter_drc_routed.rpx
INFO: [IP_Flow 19-1839] IP Catalog is up to date.
INFO: [DRC 23-27] Running DRC with 2 threads
INFO: [Vivado_Tcl 2-168] The results of DRC are in file C:/Users/Steven/Desktop/EECS 112L/L5/L5.runs/impl_1/behav_counter_drc_routed.rpt.
report_drc completed successfully
INFO: [runtcl-4] Executing : report_methodology -file behav_counter_methodology_drc_routed.rpt -pb behav_counter_methodology_drc_routed.pb -rpx behav_counter_methodology_drc_routed.rpx
Command: report_methodology -file behav_counter_methodology_drc_routed.rpt -pb behav_counter_methodology_drc_routed.pb -rpx behav_counter_methodology_drc_routed.rpx
INFO: [Timing 38-35] Done setting XDC timing constraints.
INFO: [DRC 23-133] Running Methodology with 2 threads
INFO: [Vivado_Tcl 2-1520] The results of Report Methodology are in file C:/Users/Steven/Desktop/EECS 112L/L5/L5.runs/impl_1/behav_counter_methodology_drc_routed.rpt.
report_methodology completed successfully
INFO: [runtcl-4] Executing : report_power -file behav_counter_power_routed.rpt -pb behav_counter_power_summary_routed.pb -rpx behav_counter_power_routed.rpx
Command: report_power -file behav_counter_power_routed.rpt -pb behav_counter_power_summary_routed.pb -rpx behav_counter_power_routed.rpx
INFO: [Timing 38-35] Done setting XDC timing constraints.
WARNING: [Power 33-232] No user defined clocks were found in the design! Power estimation will be inaccurate until this is corrected.
Resolution: Please specify clocks using create_clock/create_generated_clock for sequential elements. For pure combinatorial circuits, please specify a virtual clock, otherwise the vectorless estimation might be inaccurate
Running Vector-less Activity Propagation...

Finished Running Vector-less Activity Propagation
69 Infos, 2 Warnings, 0 Critical Warnings and 0 Errors encountered.
report_power completed successfully
INFO: [runtcl-4] Executing : report_route_status -file behav_counter_route_status.rpt -pb behav_counter_route_status.pb
INFO: [runtcl-4] Executing : report_timing_summary -max_paths 10 -report_unconstrained -file behav_counter_timing_summary_routed.rpt -pb behav_counter_timing_summary_routed.pb -rpx behav_counter_timing_summary_routed.rpx -warn_on_violation 
INFO: [Timing 38-91] UpdateTimingParams: Speed grade: -1, Delay Type: min_max.
INFO: [Timing 38-191] Multithreading enabled for timing update using a maximum of 2 CPUs
WARNING: [Timing 38-313] There are no user specified timing constraints. Timing constraints are needed for proper timing analysis.
INFO: [runtcl-4] Executing : report_incremental_reuse -file behav_counter_incremental_reuse_routed.rpt
INFO: [Vivado_Tcl 4-1062] Incremental flow is disabled. No incremental reuse Info to report.
INFO: [runtcl-4] Executing : report_clock_utilization -file behav_counter_clock_utilization_routed.rpt
INFO: [runtcl-4] Executing : report_bus_skew -warn_on_violation -file behav_counter_bus_skew_routed.rpt -pb behav_counter_bus_skew_routed.pb -rpx behav_counter_bus_skew_routed.rpx
INFO: [Timing 38-91] UpdateTimingParams: Speed grade: -1, Delay Type: min_max.
INFO: [Timing 38-191] Multithreading enabled for timing update using a maximum of 2 CPUs
INFO: [Common 17-206] Exiting Vivado at Sat Dec  3 02:12:18 2022...
